{"/Users/pozyzniewski/Code/02_Learning/00_Js/jest-testing-6/src/filterByTerm.js": {"path":"/Users/pozyzniewski/Code/02_Learning/00_Js/jest-testing-6/src/filterByTerm.js","statementMap":{"0":{"start":{"line":1,"column":21},"end":{"line":7,"column":1}},"1":{"start":{"line":2,"column":2},"end":{"line":2,"column":61}},"2":{"start":{"line":2,"column":19},"end":{"line":2,"column":61}},"3":{"start":{"line":3,"column":2},"end":{"line":3,"column":64}},"4":{"start":{"line":3,"column":24},"end":{"line":3,"column":64}},"5":{"start":{"line":5,"column":16},"end":{"line":5,"column":43}},"6":{"start":{"line":6,"column":2},"end":{"line":6,"column":58}},"7":{"start":{"line":6,"column":35},"end":{"line":6,"column":56}},"8":{"start":{"line":9,"column":0},"end":{"line":9,"column":30}}},"fnMap":{"0":{"name":"(anonymous_0)","decl":{"start":{"line":1,"column":21},"end":{"line":1,"column":22}},"loc":{"start":{"line":1,"column":47},"end":{"line":7,"column":1}},"line":1},"1":{"name":"(anonymous_1)","decl":{"start":{"line":6,"column":25},"end":{"line":6,"column":26}},"loc":{"start":{"line":6,"column":35},"end":{"line":6,"column":56}},"line":6}},"branchMap":{"0":{"loc":{"start":{"line":2,"column":2},"end":{"line":2,"column":61}},"type":"if","locations":[{"start":{"line":2,"column":2},"end":{"line":2,"column":61}},{"start":{"line":2,"column":2},"end":{"line":2,"column":61}}],"line":2},"1":{"loc":{"start":{"line":3,"column":2},"end":{"line":3,"column":64}},"type":"if","locations":[{"start":{"line":3,"column":2},"end":{"line":3,"column":64}},{"start":{"line":3,"column":2},"end":{"line":3,"column":64}}],"line":3}},"s":{"0":1,"1":4,"2":1,"3":3,"4":0,"5":3,"6":3,"7":9,"8":1},"f":{"0":4,"1":9},"b":{"0":[1,3],"1":[0,3]},"_coverageSchema":"1a1c01bbd47fc00a2c39e90264f33305004495a9","hash":"ba447cc9b4b36e43f3f437e30d9816c47b107d87"}
}
